<?xml version="1.0" encoding="UTF-8"?>
<!-- Generated by org.testng.reporters.JUnitXMLReporter -->
<testsuite ignored="0" hostname="LTIN278707" failures="1" tests="3" name="Test" time="147.514" errors="0" timestamp="2024-02-28T10:20:09 IST">
  <testcase classname="Testcases.Test001" name="JustDialHomePage" time="57.972">
    <failure type="org.openqa.selenium.ElementClickInterceptedException" message="element click intercepted: Element &amp;lt;div class=&amp;quot;jsx-3349e7cd87e12d75 button_flare&amp;quot;&amp;gt;&amp;lt;/div&amp;gt; is not clickable at point (295, 533). Other element would receive the click: &amp;lt;section class=&amp;quot;jsx-d17cc062da6c7a17 jd_modal jd_contact_info_pop outside_content_jd_contact_info_pop&amp;quot;&amp;gt;...&amp;lt;/section&amp;gt;
  (Session info: chrome=115.0.5790.99)
Build info: version: &amp;apos;4.17.0&amp;apos;, revision: &amp;apos;e52b1be057*&amp;apos;
System info: os.name: &amp;apos;Windows 11&amp;apos;, os.arch: &amp;apos;amd64&amp;apos;, os.version: &amp;apos;10.0&amp;apos;, java.version: &amp;apos;17.0.9&amp;apos;
Driver info: org.openqa.selenium.chrome.ChromeDriver
Command: [29b8788e11cbc5a8927ee0692ca2d1a5, clickElement {id=BE878ADFF16D98D95C2D5863296DD0CA_element_231}]
Capabilities {acceptInsecureCerts: false, browserName: chrome, browserVersion: 115.0.5790.99, chrome: {chromedriverVersion: 115.0.5790.170 (cc0d30c2ca5..., userDataDir: C:\Windows\SystemTemp\scope...}, goog:chromeOptions: {debuggerAddress: localhost:56325}, networkConnectionEnabled: false, pageLoadStrategy: normal, platformName: windows, proxy: Proxy(), se:cdp: ws://localhost:56325/devtoo..., se:cdpVersion: 115.0.5790.99, setWindowRect: true, strictFileInteractability: false, timeouts: {implicit: 0, pageLoad: 300000, script: 30000}, unhandledPromptBehavior: dismiss and notify, webauthn:extension:credBlob: true, webauthn:extension:largeBlob: true, webauthn:extension:minPinLength: true, webauthn:extension:prf: true, webauthn:virtualAuthenticators: true}
Element: [[ChromeDriver: chrome on windows (29b8788e11cbc5a8927ee0692ca2d1a5)] -&amp;gt; xpath: //div[@class=&amp;apos;jsx-3349e7cd87e12d75 button_flare&amp;apos;]]
Session ID: 29b8788e11cbc5a8927ee0692ca2d1a5">
      <![CDATA[org.openqa.selenium.ElementClickInterceptedException: element click intercepted: Element <div class="jsx-3349e7cd87e12d75 button_flare"></div> is not clickable at point (295, 533). Other element would receive the click: <section class="jsx-d17cc062da6c7a17 jd_modal jd_contact_info_pop outside_content_jd_contact_info_pop">...</section>
  (Session info: chrome=115.0.5790.99)
Build info: version: '4.17.0', revision: 'e52b1be057*'
System info: os.name: 'Windows 11', os.arch: 'amd64', os.version: '10.0', java.version: '17.0.9'
Driver info: org.openqa.selenium.chrome.ChromeDriver
Command: [29b8788e11cbc5a8927ee0692ca2d1a5, clickElement {id=BE878ADFF16D98D95C2D5863296DD0CA_element_231}]
Capabilities {acceptInsecureCerts: false, browserName: chrome, browserVersion: 115.0.5790.99, chrome: {chromedriverVersion: 115.0.5790.170 (cc0d30c2ca5..., userDataDir: C:\Windows\SystemTemp\scope...}, goog:chromeOptions: {debuggerAddress: localhost:56325}, networkConnectionEnabled: false, pageLoadStrategy: normal, platformName: windows, proxy: Proxy(), se:cdp: ws://localhost:56325/devtoo..., se:cdpVersion: 115.0.5790.99, setWindowRect: true, strictFileInteractability: false, timeouts: {implicit: 0, pageLoad: 300000, script: 30000}, unhandledPromptBehavior: dismiss and notify, webauthn:extension:credBlob: true, webauthn:extension:largeBlob: true, webauthn:extension:minPinLength: true, webauthn:extension:prf: true, webauthn:virtualAuthenticators: true}
Element: [[ChromeDriver: chrome on windows (29b8788e11cbc5a8927ee0692ca2d1a5)] -> xpath: //div[@class='jsx-3349e7cd87e12d75 button_flare']]
Session ID: 29b8788e11cbc5a8927ee0692ca2d1a5
at org.openqa.selenium.remote.codec.w3c.W3CHttpResponseCodec.createException(W3CHttpResponseCodec.java:185)
at org.openqa.selenium.remote.codec.w3c.W3CHttpResponseCodec.decode(W3CHttpResponseCodec.java:134)
at org.openqa.selenium.remote.codec.w3c.W3CHttpResponseCodec.decode(W3CHttpResponseCodec.java:51)
at org.openqa.selenium.remote.HttpCommandExecutor.execute(HttpCommandExecutor.java:190)
at org.openqa.selenium.remote.service.DriverCommandExecutor.invokeExecute(DriverCommandExecutor.java:216)
at org.openqa.selenium.remote.service.DriverCommandExecutor.execute(DriverCommandExecutor.java:174)
at org.openqa.selenium.remote.RemoteWebDriver.execute(RemoteWebDriver.java:519)
at org.openqa.selenium.remote.RemoteWebElement.execute(RemoteWebElement.java:223)
at org.openqa.selenium.remote.RemoteWebElement.click(RemoteWebElement.java:76)
at pageobjects.ValidationPage.printdeatils(ValidationPage.java:119)
at Testcases.Test001.JustDialHomePage(Test001.java:34)
at java.base/java.util.ArrayList.forEach(ArrayList.java:1511)
... Removed 32 stack frames]]>
    </failure>
  </testcase> <!-- JustDialHomePage -->
  <testcase classname="Testcases.Test002" name="Freelistingpage" time="17.211"/>
  <testcase classname="Testcases.Test003" name="GymPage" time="13.905"/>
</testsuite> <!-- Test -->
