<?xml version="1.0" encoding="UTF-8"?>
<!-- Generated by org.testng.reporters.JUnitXMLReporter -->
<testsuite ignored="0" hostname="LTIN278707" failures="0" tests="3" name="Surefire test" time="0.118" errors="0" timestamp="2024-02-29T13:19:50 IST">
  <testcase classname="factoryy.BaseClass" name="@BeforeClass initilizeBrowser" time="-1.709192990645E9">
    <failure type="org.testng.TestNGException" message="
Parameter &amp;apos;os&amp;apos; is required by BeforeClass on method initilizeBrowser but has not been marked @Optional or defined
">
      <![CDATA[org.testng.TestNGException: 
Parameter 'os' is required by BeforeClass on method initilizeBrowser but has not been marked @Optional or defined

at java.base/java.util.ArrayList.forEach(ArrayList.java:1511)
... Removed 27 stack frames]]>
    </failure>
  </testcase> <!-- @BeforeClass initilizeBrowser -->
  <testcase classname="factoryy.BaseClass" name="@AfterClass tearDown" time="-1.709192990702E9">
    <skipped/>
  </testcase> <!-- @AfterClass tearDown -->
  <testcase classname="factoryy.BaseClass" name="@BeforeClass initilizeBrowser" time="-1.709192990706E9">
    <failure type="org.testng.TestNGException" message="
Parameter &amp;apos;os&amp;apos; is required by BeforeClass on method initilizeBrowser but has not been marked @Optional or defined
">
      <![CDATA[org.testng.TestNGException: 
Parameter 'os' is required by BeforeClass on method initilizeBrowser but has not been marked @Optional or defined

at java.base/java.util.ArrayList.forEach(ArrayList.java:1511)
... Removed 27 stack frames]]>
    </failure>
  </testcase> <!-- @BeforeClass initilizeBrowser -->
  <testcase classname="factoryy.BaseClass" name="@AfterClass tearDown" time="-1.709192990709E9">
    <skipped/>
  </testcase> <!-- @AfterClass tearDown -->
  <testcase classname="factoryy.BaseClass" name="@BeforeClass initilizeBrowser" time="-1.709192990709E9">
    <failure type="org.testng.TestNGException" message="
Parameter &amp;apos;os&amp;apos; is required by BeforeClass on method initilizeBrowser but has not been marked @Optional or defined
">
      <![CDATA[org.testng.TestNGException: 
Parameter 'os' is required by BeforeClass on method initilizeBrowser but has not been marked @Optional or defined

at java.base/java.util.ArrayList.forEach(ArrayList.java:1511)
... Removed 27 stack frames]]>
    </failure>
  </testcase> <!-- @BeforeClass initilizeBrowser -->
  <testcase classname="factoryy.BaseClass" name="@AfterClass tearDown" time="-1.709192990712E9">
    <skipped/>
  </testcase> <!-- @AfterClass tearDown -->
  <testcase classname="Testcases.Test001" name="JustDialHomePage" time="0.0">
    <skipped/>
  </testcase> <!-- JustDialHomePage -->
  <testcase classname="Testcases.Test002" name="Freelistingpage" time="0.0">
    <skipped/>
  </testcase> <!-- Freelistingpage -->
  <testcase classname="Testcases.Test003" name="GymPage" time="0.0">
    <skipped/>
  </testcase> <!-- GymPage -->
</testsuite> <!-- Surefire test -->
